Started process 0 @ 2023-12-06 21:19:48.912098 for range of size 223394899
Started process 1 @ 2023-12-06 21:19:48.912287 for range of size 503983167
Started process 2 @ 2023-12-06 21:19:48.912634 for range of size 197383535
Started process 3 @ 2023-12-06 21:19:48.913088 for range of size 276648400
Started process 4 @ 2023-12-06 21:19:48.913487 for range of size 141010855
Started process 5 @ 2023-12-06 21:19:48.913914 for range of size 5160533
Started process 6 @ 2023-12-06 21:19:48.914450 for range of size 49767336
Started process 7 @ 2023-12-06 21:19:48.915069 for range of size 160455077
Started process 8 @ 2023-12-06 21:19:48.915658 for range of size 105867001
Started process 9 @ 2023-12-06 21:19:48.916246 for range of size 38546766

Terminated process 5 @ 2023-12-06 21:20:35.757240 for range of size 5160533
Elapsed: 0:00:46.843322

Terminated process 6 @ 2023-12-06 21:25:09.707874 for range of size 49767336
Elapsed: 0:05:20.793418

Terminated process 9 @ 2023-12-06 21:25:21.003537 for range of size 38546766
Elapsed: 0:05:32.087285

Terminated process 4 @ 2023-12-06 21:32:26.918528 for range of size 141010855
Elapsed: 0:12:38.005036

Terminated process 8 @ 2023-12-06 21:32:53.624625 for range of size 105867001
Elapsed: 0:13:04.708962

Terminated process 7 @ 2023-12-06 21:38:10.587116 for range of size 160455077
Elapsed: 0:18:21.672042

Terminated process 0 @ 2023-12-06 21:44:29.612746 for range of size 223394899
Elapsed: 0:24:40.700643

Terminated process 2 @ 2023-12-06 21:44:31.164930 for range of size 197383535
Elapsed: 0:24:42.252292

Terminated process 3 @ 2023-12-06 21:52:00.781984 for range of size 276648400
Elapsed: 0:32:11.868891

Terminated process 1 @ 2023-12-06 22:12:07.306284 for range of size 503983167
Elapsed: 0:52:18.393993

All processes finished running!
Output <REDACTED>